Determining size of off64_t failed with the following output:
Change Dir: /Users/joy/Documents/Lib/OpenCV-2.4.3/build/CMakeFiles/CMakeTmp

Run Build Command:/usr/bin/make "cmTryCompileExec2051802643/fast"
/usr/bin/make -f CMakeFiles/cmTryCompileExec2051802643.dir/build.make CMakeFiles/cmTryCompileExec2051802643.dir/build
/opt/local/bin/cmake -E cmake_progress_report /Users/joy/Documents/Lib/OpenCV-2.4.3/build/CMakeFiles/CMakeTmp/CMakeFiles 1
Building C object CMakeFiles/cmTryCompileExec2051802643.dir/OFF64_T.c.o
/usr/bin/cc    -o CMakeFiles/cmTryCompileExec2051802643.dir/OFF64_T.c.o   -c /Users/joy/Documents/Lib/OpenCV-2.4.3/build/CMakeFiles/CheckTypeSize/OFF64_T.c
/Users/joy/Documents/Lib/OpenCV-2.4.3/build/CMakeFiles/CheckTypeSize/OFF64_T.c:19:12: error: use of undeclared identifier 'off64_t'; did you mean 'off_t'?
  ('0' + ((SIZE / 10000)%10)),
           ^
/Users/joy/Documents/Lib/OpenCV-2.4.3/build/CMakeFiles/CheckTypeSize/OFF64_T.c:17:22: note: expanded from macro 'SIZE'
#define SIZE (sizeof(off64_t))
                     ^
/Users/joy/Documents/Lib/OpenCV-2.4.3/build/CMakeFiles/CheckTypeSize/OFF64_T.c:20:12: error: use of undeclared identifier 'off64_t'; did you mean 'off_t'?
  ('0' + ((SIZE / 1000)%10)),
           ^
/Users/joy/Documents/Lib/OpenCV-2.4.3/build/CMakeFiles/CheckTypeSize/OFF64_T.c:17:22: note: expanded from macro 'SIZE'
#define SIZE (sizeof(off64_t))
                     ^
/Users/joy/Documents/Lib/OpenCV-2.4.3/build/CMakeFiles/CheckTypeSize/OFF64_T.c:21:12: error: use of undeclared identifier 'off64_t'; did you mean 'off_t'?
  ('0' + ((SIZE / 100)%10)),
           ^
/Users/joy/Documents/Lib/OpenCV-2.4.3/build/CMakeFiles/CheckTypeSize/OFF64_T.c:17:22: note: expanded from macro 'SIZE'
#define SIZE (sizeof(off64_t))
                     ^
/Users/joy/Documents/Lib/OpenCV-2.4.3/build/CMakeFiles/CheckTypeSize/OFF64_T.c:22:12: error: use of undeclared identifier 'off64_t'; did you mean 'off_t'?
  ('0' + ((SIZE / 10)%10)),
           ^
/Users/joy/Documents/Lib/OpenCV-2.4.3/build/CMakeFiles/CheckTypeSize/OFF64_T.c:17:22: note: expanded from macro 'SIZE'
#define SIZE (sizeof(off64_t))
                     ^
/Users/joy/Documents/Lib/OpenCV-2.4.3/build/CMakeFiles/CheckTypeSize/OFF64_T.c:23:12: error: use of undeclared identifier 'off64_t'; did you mean 'off_t'?
  ('0' +  (SIZE    % 10)),
           ^
/Users/joy/Documents/Lib/OpenCV-2.4.3/build/CMakeFiles/CheckTypeSize/OFF64_T.c:17:22: note: expanded from macro 'SIZE'
#define SIZE (sizeof(off64_t))
                     ^
5 errors generated.
make[1]: *** [CMakeFiles/cmTryCompileExec2051802643.dir/OFF64_T.c.o] Error 1
make: *** [cmTryCompileExec2051802643/fast] Error 2

/Users/joy/Documents/Lib/OpenCV-2.4.3/build/CMakeFiles/CheckTypeSize/OFF64_T.c:
#include <sys/types.h>
#include <stdint.h>
#include <stddef.h>


#undef KEY
#if defined(__i386)
# define KEY '_','_','i','3','8','6'
#elif defined(__x86_64)
# define KEY '_','_','x','8','6','_','6','4'
#elif defined(__ppc__)
# define KEY '_','_','p','p','c','_','_'
#elif defined(__ppc64__)
# define KEY '_','_','p','p','c','6','4','_','_'
#endif

#define SIZE (sizeof(off64_t))
char info_size[] =  {'I', 'N', 'F', 'O', ':', 's','i','z','e','[',
  ('0' + ((SIZE / 10000)%10)),
  ('0' + ((SIZE / 1000)%10)),
  ('0' + ((SIZE / 100)%10)),
  ('0' + ((SIZE / 10)%10)),
  ('0' +  (SIZE    % 10)),
  ']',
#ifdef KEY
  ' ','k','e','y','[', KEY, ']',
#endif
  '\0'};

#ifdef __CLASSIC_C__
int main(argc, argv) int argc; char *argv[];
#else
int main(int argc, char *argv[])
#endif
{
  int require = 0;
  require += info_size[argc];
  (void)argv;
  return require;
}


Determining if the include file io.h exists failed with the following output:
Change Dir: /Users/joy/Documents/Lib/OpenCV-2.4.3/build/CMakeFiles/CMakeTmp

Run Build Command:/usr/bin/make "cmTryCompileExec3559002677/fast"
/usr/bin/make -f CMakeFiles/cmTryCompileExec3559002677.dir/build.make CMakeFiles/cmTryCompileExec3559002677.dir/build
/opt/local/bin/cmake -E cmake_progress_report /Users/joy/Documents/Lib/OpenCV-2.4.3/build/CMakeFiles/CMakeTmp/CMakeFiles 1
Building C object CMakeFiles/cmTryCompileExec3559002677.dir/CheckIncludeFile.c.o
/usr/bin/cc    -o CMakeFiles/cmTryCompileExec3559002677.dir/CheckIncludeFile.c.o   -c /Users/joy/Documents/Lib/OpenCV-2.4.3/build/CMakeFiles/CMakeTmp/CheckIncludeFile.c
/Users/joy/Documents/Lib/OpenCV-2.4.3/build/CMakeFiles/CMakeTmp/CheckIncludeFile.c:1:10: fatal error: 'io.h' file not found
#include <io.h>
         ^
1 error generated.
make[1]: *** [CMakeFiles/cmTryCompileExec3559002677.dir/CheckIncludeFile.c.o] Error 1
make: *** [cmTryCompileExec3559002677/fast] Error 2


Determining if the function jbg_newlen exists failed with the following output:
Change Dir: /Users/joy/Documents/Lib/OpenCV-2.4.3/build/CMakeFiles/CMakeTmp

Run Build Command:/usr/bin/make "cmTryCompileExec2342680531/fast"
/usr/bin/make -f CMakeFiles/cmTryCompileExec2342680531.dir/build.make CMakeFiles/cmTryCompileExec2342680531.dir/build
/opt/local/bin/cmake -E cmake_progress_report /Users/joy/Documents/Lib/OpenCV-2.4.3/build/CMakeFiles/CMakeTmp/CMakeFiles 1
Building C object CMakeFiles/cmTryCompileExec2342680531.dir/CheckFunctionExists.c.o
/usr/bin/cc   -DCHECK_FUNCTION_EXISTS=jbg_newlen   -o CMakeFiles/cmTryCompileExec2342680531.dir/CheckFunctionExists.c.o   -c /opt/local/share/cmake-2.8/Modules/CheckFunctionExists.c
Linking C executable cmTryCompileExec2342680531
/opt/local/bin/cmake -E cmake_link_script CMakeFiles/cmTryCompileExec2342680531.dir/link.txt --verbose=1
/usr/bin/cc       -DCHECK_FUNCTION_EXISTS=jbg_newlen -Wl,-search_paths_first -Wl,-headerpad_max_install_names   CMakeFiles/cmTryCompileExec2342680531.dir/CheckFunctionExists.c.o  -o cmTryCompileExec2342680531  
Undefined symbols for architecture x86_64:
  "_jbg_newlen", referenced from:
      _main in CheckFunctionExists.c.o
ld: symbol(s) not found for architecture x86_64
clang: error: linker command failed with exit code 1 (use -v to see invocation)
make[1]: *** [cmTryCompileExec2342680531] Error 1
make: *** [cmTryCompileExec2342680531/fast] Error 2


Determining if the include file libavformat/avformat.h exists failed with the following output:
Change Dir: /Users/joy/Documents/Lib/OpenCV-2.4.3/build/CMakeFiles/CMakeTmp

Run Build Command:/usr/bin/make "cmTryCompileExec2274416984/fast"
/usr/bin/make -f CMakeFiles/cmTryCompileExec2274416984.dir/build.make CMakeFiles/cmTryCompileExec2274416984.dir/build
/opt/local/bin/cmake -E cmake_progress_report /Users/joy/Documents/Lib/OpenCV-2.4.3/build/CMakeFiles/CMakeTmp/CMakeFiles 1
Building C object CMakeFiles/cmTryCompileExec2274416984.dir/CheckIncludeFile.c.o
/usr/bin/cc    -o CMakeFiles/cmTryCompileExec2274416984.dir/CheckIncludeFile.c.o   -c /Users/joy/Documents/Lib/OpenCV-2.4.3/build/CMakeFiles/CMakeTmp/CheckIncludeFile.c
/Users/joy/Documents/Lib/OpenCV-2.4.3/build/CMakeFiles/CMakeTmp/CheckIncludeFile.c:1:10: fatal error: 'libavformat/avformat.h' file not found
#include <libavformat/avformat.h>
         ^
1 error generated.
make[1]: *** [CMakeFiles/cmTryCompileExec2274416984.dir/CheckIncludeFile.c.o] Error 1
make: *** [cmTryCompileExec2274416984/fast] Error 2


Determining if the include file ffmpeg/avformat.h exists failed with the following output:
Change Dir: /Users/joy/Documents/Lib/OpenCV-2.4.3/build/CMakeFiles/CMakeTmp

Run Build Command:/usr/bin/make "cmTryCompileExec2552684688/fast"
/usr/bin/make -f CMakeFiles/cmTryCompileExec2552684688.dir/build.make CMakeFiles/cmTryCompileExec2552684688.dir/build
/opt/local/bin/cmake -E cmake_progress_report /Users/joy/Documents/Lib/OpenCV-2.4.3/build/CMakeFiles/CMakeTmp/CMakeFiles 1
Building C object CMakeFiles/cmTryCompileExec2552684688.dir/CheckIncludeFile.c.o
/usr/bin/cc    -o CMakeFiles/cmTryCompileExec2552684688.dir/CheckIncludeFile.c.o   -c /Users/joy/Documents/Lib/OpenCV-2.4.3/build/CMakeFiles/CMakeTmp/CheckIncludeFile.c
/Users/joy/Documents/Lib/OpenCV-2.4.3/build/CMakeFiles/CMakeTmp/CheckIncludeFile.c:1:10: fatal error: 'ffmpeg/avformat.h' file not found
#include <ffmpeg/avformat.h>
         ^
1 error generated.
make[1]: *** [CMakeFiles/cmTryCompileExec2552684688.dir/CheckIncludeFile.c.o] Error 1
make: *** [cmTryCompileExec2552684688/fast] Error 2


